2022-11-19 18:16:50 DEBUG request log not activated
2022-11-19 18:16:50 DEBUG response log not activated
2022-11-19 18:16:50 INFO  Dynatrace Monitoring as Code v1.8.5
2022-11-19 18:16:50 DEBUG Reading projects...
2022-11-19 18:16:50 DEBUG   project - projects/CoE_Project
2022-11-19 18:16:50 DEBUG Processing file: projects/CoE_Project/auto-tag/auto-tag.yaml
2022-11-19 18:16:50 DEBUG 		projects/CoE_Project/auto-tag/Host-Group-Name
2022-11-19 18:16:50 DEBUG Processing file: projects/CoE_Project/auto-tag/auto-tag.yaml
2022-11-19 18:16:50 DEBUG 		projects/CoE_Project/auto-tag/Host-Group-Name
2022-11-19 18:16:50 DEBUG Sorting projects...
2022-11-19 18:16:50 INFO  Executing projects in this order: 
2022-11-19 18:16:50 INFO  	1: projects/CoE_Project (1 configs)
2022-11-19 18:16:50 INFO  Processing environment test1...
2022-11-19 18:16:50 INFO  	Processing project projects/CoE_Project...
2022-11-19 18:16:50 DEBUG 		Deploying configs in this order: 
2022-11-19 18:16:50 DEBUG 			1: projects/CoE_Project/auto-tag/Host-Group-Name.json
2022-11-19 18:16:50 DEBUG 		Applying config `Resistance is futile!` using projects/CoE_Project/auto-tag/Host-Group-Name.json
2022-11-19 18:16:51 DEBUG 			Created new object for Resistance is futile! (ff028e87-339c-3a9e-8f57-2fc6f225ede8)
2022-11-19 18:16:51 INFO  Deployment summary:
2022-11-19 18:16:51 INFO  Deployment finished without errors
2022-11-19 18:16:51 INFO  Deleting 1 configs for environment test1...
2022-11-19 18:16:51 DEBUG 	Trying to delete config Resistance is futile! (auto-tag)
2022-11-19 18:16:51 DEBUG Found existing config Resistance is futile! (auto-tag) with id ff028e87-339c-3a9e-8f57-2fc6f225ede8
